<?xml version="1.0" encoding="UTF-8"?>
<!-- Generated by org.testng.reporters.JUnitXMLReporter -->
<testsuite ignored="2" hostname="DESKTOP-JGGV311" failures="1" tests="2" name="Default test(failed)" time="0.974" errors="0" timestamp="2023-08-21T00:40:30 IST">
  <testcase classname="com.testng.KeywordsAnnotations" name="logintest" time="0.0">
    <failure type="org.testng.TestNGException" message="
Parameter &amp;apos;uid&amp;apos; is required by @Test on method logintest but has not been marked @Optional or defined
in E:\selenium\test-output\Default suite\testng-failed.xml">
      <![CDATA[org.testng.TestNGException: 
Parameter 'uid' is required by @Test on method logintest but has not been marked @Optional or defined
in E:\selenium\test-output\Default suite\testng-failed.xml
at java.base/java.util.ArrayList.forEach(ArrayList.java:1511)
... Removed 26 stack frames]]>
    </failure>
  </testcase> <!-- logintest -->
  <testcase classname="com.testng.KeywordsAnnotations" name="dealstest" time="0.111">
    <skipped/>
  </testcase> <!-- dealstest -->
  <testcase classname="com.testng.KeywordsAnnotations" name="homepagetest" time="0.0">
    <ignored/>
  </testcase> <!-- homepagetest -->
  <testcase classname="com.testng.KeywordsAnnotations" name="claimtest" time="0.0">
    <ignored/>
  </testcase> <!-- claimtest -->
</testsuite> <!-- Default test(failed) -->
