<?xml version="1.0" encoding="UTF-8"?>
<testng-results ignored="0" total="5" passed="5" failed="0" skipped="0">
  <reporter-output>
  </reporter-output>
  <suite started-at="2024-07-17T21:13:12 IST" name="Default suite" finished-at="2024-07-17T21:13:14 IST" duration-ms="1815">
    <groups>
      <group name="sanity">
        <method signature="Demo.m1()[pri:1, instance:com.DEMO.Demo@4d1bf319]" name="m1" class="com.DEMO.Demo"/>
        <method signature="Demo.m2()[pri:2, instance:com.DEMO.Demo@4d1bf319]" name="m2" class="com.DEMO.Demo"/>
        <method signature="Demo.m3()[pri:3, instance:com.DEMO.Demo@4d1bf319]" name="m3" class="com.DEMO.Demo"/>
      </group> <!-- sanity -->
    </groups>
    <test started-at="2024-07-17T21:13:12 IST" name="Default test" finished-at="2024-07-17T21:13:14 IST" duration-ms="1815">
      <class name="com.DEMO.Demo">
        <test-method is-config="true" signature="setup()[pri:0, instance:com.DEMO.Demo@4d1bf319]" started-at="2024-07-17T21:13:12 IST" name="setup" finished-at="2024-07-17T21:13:13 IST" duration-ms="154" status="PASS">
          <reporter-output>
          </reporter-output>
        </test-method> <!-- setup -->
        <test-method signature="test(java.lang.String,java.lang.String)[pri:0, instance:com.DEMO.Demo@4d1bf319]" started-at="2024-07-17T21:13:13 IST" name="test" data-provider="data" finished-at="2024-07-17T21:13:13 IST" duration-ms="54" status="PASS">
          <params>
            <param index="0">
              <value>
                <![CDATA[raju]]>
              </value>
            </param>
            <param index="1">
              <value>
                <![CDATA[ram]]>
              </value>
            </param>
          </params>
          <reporter-output>
          </reporter-output>
        </test-method> <!-- test -->
        <test-method is-config="true" signature="close()[pri:0, instance:com.DEMO.Demo@4d1bf319]" started-at="2024-07-17T21:13:13 IST" name="close" finished-at="2024-07-17T21:13:13 IST" duration-ms="19" status="PASS">
          <reporter-output>
          </reporter-output>
        </test-method> <!-- close -->
        <test-method is-config="true" signature="setup()[pri:0, instance:com.DEMO.Demo@4d1bf319]" started-at="2024-07-17T21:13:13 IST" name="setup" finished-at="2024-07-17T21:13:13 IST" duration-ms="6" status="PASS">
          <reporter-output>
          </reporter-output>
        </test-method> <!-- setup -->
        <test-method signature="test(java.lang.String,java.lang.String)[pri:0, instance:com.DEMO.Demo@4d1bf319]" started-at="2024-07-17T21:13:13 IST" name="test" data-provider="data" finished-at="2024-07-17T21:13:13 IST" duration-ms="56" status="PASS">
          <params>
            <param index="0">
              <value>
                <![CDATA[raj]]>
              </value>
            </param>
            <param index="1">
              <value>
                <![CDATA[ramu]]>
              </value>
            </param>
          </params>
          <reporter-output>
          </reporter-output>
        </test-method> <!-- test -->
        <test-method is-config="true" signature="close()[pri:0, instance:com.DEMO.Demo@4d1bf319]" started-at="2024-07-17T21:13:13 IST" name="close" finished-at="2024-07-17T21:13:13 IST" duration-ms="6" status="PASS">
          <reporter-output>
          </reporter-output>
        </test-method> <!-- close -->
        <test-method is-config="true" signature="setup()[pri:0, instance:com.DEMO.Demo@4d1bf319]" started-at="2024-07-17T21:13:13 IST" name="setup" finished-at="2024-07-17T21:13:13 IST" duration-ms="3" status="PASS">
          <reporter-output>
          </reporter-output>
        </test-method> <!-- setup -->
        <test-method signature="m1()[pri:1, instance:com.DEMO.Demo@4d1bf319]" started-at="2024-07-17T21:13:13 IST" name="m1" finished-at="2024-07-17T21:13:13 IST" duration-ms="192" status="PASS">
          <exception class="java.lang.AssertionError">
            <message>
              <![CDATA[expected [true] but found [false]]]>
            </message>
            <full-stacktrace>
              <![CDATA[java.lang.AssertionError: expected [true] but found [false]
at org.testng.Assert.fail(Assert.java:111)
at org.testng.Assert.failNotEquals(Assert.java:1578)
at org.testng.Assert.assertTrue(Assert.java:57)
at org.testng.Assert.assertTrue(Assert.java:67)
at com.DEMO.Demo.m1(Demo.java:39)
at java.base/jdk.internal.reflect.NativeMethodAccessorImpl.invoke0(Native Method)
at java.base/jdk.internal.reflect.NativeMethodAccessorImpl.invoke(NativeMethodAccessorImpl.java:62)
at java.base/jdk.internal.reflect.DelegatingMethodAccessorImpl.invoke(DelegatingMethodAccessorImpl.java:43)
at java.base/java.lang.reflect.Method.invoke(Method.java:566)
at org.testng.internal.invokers.MethodInvocationHelper.invokeMethod(MethodInvocationHelper.java:139)
at org.testng.internal.invokers.TestInvoker.invokeMethod(TestInvoker.java:664)
at org.testng.internal.invokers.TestInvoker.invokeTestMethod(TestInvoker.java:227)
at org.testng.internal.invokers.MethodRunner.runInSequence(MethodRunner.java:50)
at org.testng.internal.invokers.TestInvoker$MethodInvocationAgent.invoke(TestInvoker.java:957)
at org.testng.internal.invokers.TestInvoker.invokeTestMethods(TestInvoker.java:200)
at org.testng.internal.invokers.TestMethodWorker.invokeTestMethods(TestMethodWorker.java:148)
at org.testng.internal.invokers.TestMethodWorker.run(TestMethodWorker.java:128)
at java.base/java.util.ArrayList.forEach(ArrayList.java:1541)
at org.testng.TestRunner.privateRun(TestRunner.java:848)
at org.testng.TestRunner.run(TestRunner.java:621)
at org.testng.SuiteRunner.runTest(SuiteRunner.java:443)
at org.testng.SuiteRunner.runSequentially(SuiteRunner.java:437)
at org.testng.SuiteRunner.privateRun(SuiteRunner.java:397)
at org.testng.SuiteRunner.run(SuiteRunner.java:336)
at org.testng.SuiteRunnerWorker.runSuite(SuiteRunnerWorker.java:52)
at org.testng.SuiteRunnerWorker.run(SuiteRunnerWorker.java:95)
at org.testng.TestNG.runSuitesSequentially(TestNG.java:1280)
at org.testng.TestNG.runSuitesLocally(TestNG.java:1200)
at org.testng.TestNG.runSuites(TestNG.java:1114)
at org.testng.TestNG.run(TestNG.java:1082)
at org.testng.remote.AbstractRemoteTestNG.run(AbstractRemoteTestNG.java:115)
at org.testng.remote.RemoteTestNG.initAndRun(RemoteTestNG.java:293)
at org.testng.remote.RemoteTestNG.main(RemoteTestNG.java:91)
]]>
            </full-stacktrace>
          </exception> <!-- java.lang.AssertionError -->
          <reporter-output>
          </reporter-output>
        </test-method> <!-- m1 -->
        <test-method is-config="true" signature="close()[pri:0, instance:com.DEMO.Demo@4d1bf319]" started-at="2024-07-17T21:13:13 IST" name="close" finished-at="2024-07-17T21:13:13 IST" duration-ms="4" status="PASS">
          <reporter-output>
          </reporter-output>
        </test-method> <!-- close -->
        <test-method is-config="true" signature="setup()[pri:0, instance:com.DEMO.Demo@4d1bf319]" started-at="2024-07-17T21:13:13 IST" name="setup" finished-at="2024-07-17T21:13:13 IST" duration-ms="7" status="PASS">
          <reporter-output>
          </reporter-output>
        </test-method> <!-- setup -->
        <test-method signature="m2()[pri:2, instance:com.DEMO.Demo@4d1bf319]" started-at="2024-07-17T21:13:13 IST" name="m2" finished-at="2024-07-17T21:13:13 IST" depends-on-methods="com.DEMO.Demo.m1" duration-ms="43" status="PASS">
          <reporter-output>
          </reporter-output>
        </test-method> <!-- m2 -->
        <test-method is-config="true" signature="close()[pri:0, instance:com.DEMO.Demo@4d1bf319]" started-at="2024-07-17T21:13:13 IST" name="close" finished-at="2024-07-17T21:13:13 IST" duration-ms="9" status="PASS">
          <reporter-output>
          </reporter-output>
        </test-method> <!-- close -->
        <test-method is-config="true" signature="setup()[pri:0, instance:com.DEMO.Demo@4d1bf319]" started-at="2024-07-17T21:13:13 IST" name="setup" finished-at="2024-07-17T21:13:13 IST" duration-ms="4" status="PASS">
          <reporter-output>
          </reporter-output>
        </test-method> <!-- setup -->
        <test-method signature="m3()[pri:3, instance:com.DEMO.Demo@4d1bf319]" started-at="2024-07-17T21:13:13 IST" name="m3" finished-at="2024-07-17T21:13:14 IST" depends-on-methods="com.DEMO.Demo.m2" duration-ms="73" status="PASS">
          <reporter-output>
          </reporter-output>
        </test-method> <!-- m3 -->
        <test-method is-config="true" signature="close()[pri:0, instance:com.DEMO.Demo@4d1bf319]" started-at="2024-07-17T21:13:14 IST" name="close" finished-at="2024-07-17T21:13:14 IST" duration-ms="10" status="PASS">
          <reporter-output>
          </reporter-output>
        </test-method> <!-- close -->
      </class> <!-- com.DEMO.Demo -->
    </test> <!-- Default test -->
  </suite> <!-- Default suite -->
</testng-results>
